This is pdfTeX, Version 3.14159265-2.6-1.40.18 (MiKTeX 2.9.6500 64-bit) (preloaded format=pdftex 2017.12.16)  16 DEC 2017 17:10
entering extended mode
**"C:/Users/tic.tank/Documents/tic-tank/Dorita/CCE - CINTEL/entregable_4_infogr
afias/Prueba_inicial/PruebasInfo/pruebo.md"

("C:/Users/tic.tank/Documents/tic-tank/Dorita/CCE - CINTEL/entregable_4_infogra
fias/Prueba_inicial/PruebasInfo/pruebo.md"
C:/Users/tic.tank/Documents/tic-tank/Dorita/CCE - CINTEL/entregable_4_infografi
as/Prueba_inicial/PruebasInfo/pruebo.md:5: Missing $ inserted
I've inserted a begin-math/end-math symbol since I think
you left one out. Proceed, with fingers crossed.


C:/Users/tic.tank/Documents/tic-tank/Dorita/CCE - CINTEL/entregable_4_infografi
as/Prueba_inicial/PruebasInfo/pruebo.md:7: Missing $ inserted
I've inserted a begin-math/end-math symbol since I think
you left one out. Proceed, with fingers crossed.


C:/Users/tic.tank/Documents/tic-tank/Dorita/CCE - CINTEL/entregable_4_infografi
as/Prueba_inicial/PruebasInfo/pruebo.md:10: You can't use `macro parameter char
acter #' in vertical mode
Sorry, but I'm not programmed to handle this case;
I'll just pretend that you didn't ask for it.
If you're in the wrong mode, you might be able to
return to the right one by typing `I}' or `I$' or `I\par'.


C:/Users/tic.tank/Documents/tic-tank/Dorita/CCE - CINTEL/entregable_4_infografi
as/Prueba_inicial/PruebasInfo/pruebo.md:10: You can't use `macro parameter char
acter #' in vertical mode
Sorry, but I'm not programmed to handle this case;
I'll just pretend that you didn't ask for it.
If you're in the wrong mode, you might be able to
return to the right one by typing `I}' or `I$' or `I\par'.


C:/Users/tic.tank/Documents/tic-tank/Dorita/CCE - CINTEL/entregable_4_infografi
as/Prueba_inicial/PruebasInfo/pruebo.md:22: You can't use `macro parameter char
acter #' in horizontal mode
Sorry, but I'm not programmed to handle this case;
I'll just pretend that you didn't ask for it.
If you're in the wrong mode, you might be able to
return to the right one by typing `I}' or `I$' or `I\par'.


C:/Users/tic.tank/Documents/tic-tank/Dorita/CCE - CINTEL/entregable_4_infografi
as/Prueba_inicial/PruebasInfo/pruebo.md:22: You can't use `macro parameter char
acter #' in horizontal mode
Sorry, but I'm not programmed to handle this case;
I'll just pretend that you didn't ask for it.
If you're in the wrong mode, you might be able to
return to the right one by typing `I}' or `I$' or `I\par'.


C:/Users/tic.tank/Documents/tic-tank/Dorita/CCE - CINTEL/entregable_4_infografi
as/Prueba_inicial/PruebasInfo/pruebo.md:23: You can't use `macro parameter char
acter #' in horizontal mode
Sorry, but I'm not programmed to handle this case;
I'll just pretend that you didn't ask for it.
If you're in the wrong mode, you might be able to
return to the right one by typing `I}' or `I$' or `I\par'.


C:/Users/tic.tank/Documents/tic-tank/Dorita/CCE - CINTEL/entregable_4_infografi
as/Prueba_inicial/PruebasInfo/pruebo.md:23: You can't use `macro parameter char
acter #' in horizontal mode
Sorry, but I'm not programmed to handle this case;
I'll just pretend that you didn't ask for it.
If you're in the wrong mode, you might be able to
return to the right one by typing `I}' or `I$' or `I\par'.


C:/Users/tic.tank/Documents/tic-tank/Dorita/CCE - CINTEL/entregable_4_infografi
as/Prueba_inicial/PruebasInfo/pruebo.md:24: You can't use `macro parameter char
acter #' in horizontal mode
Sorry, but I'm not programmed to handle this case;
I'll just pretend that you didn't ask for it.
If you're in the wrong mode, you might be able to
return to the right one by typing `I}' or `I$' or `I\par'.


C:/Users/tic.tank/Documents/tic-tank/Dorita/CCE - CINTEL/entregable_4_infografi
as/Prueba_inicial/PruebasInfo/pruebo.md:24: You can't use `macro parameter char
acter #' in horizontal mode
Sorry, but I'm not programmed to handle this case;
I'll just pretend that you didn't ask for it.
If you're in the wrong mode, you might be able to
return to the right one by typing `I}' or `I$' or `I\par'.


C:/Users/tic.tank/Documents/tic-tank/Dorita/CCE - CINTEL/entregable_4_infografi
as/Prueba_inicial/PruebasInfo/pruebo.md:25: You can't use `macro parameter char
acter #' in horizontal mode
Sorry, but I'm not programmed to handle this case;
I'll just pretend that you didn't ask for it.
If you're in the wrong mode, you might be able to
return to the right one by typing `I}' or `I$' or `I\par'.


C:/Users/tic.tank/Documents/tic-tank/Dorita/CCE - CINTEL/entregable_4_infografi
as/Prueba_inicial/PruebasInfo/pruebo.md:25: You can't use `macro parameter char
acter #' in horizontal mode
Sorry, but I'm not programmed to handle this case;
I'll just pretend that you didn't ask for it.
If you're in the wrong mode, you might be able to
return to the right one by typing `I}' or `I$' or `I\par'.


C:/Users/tic.tank/Documents/tic-tank/Dorita/CCE - CINTEL/entregable_4_infografi
as/Prueba_inicial/PruebasInfo/pruebo.md:26: You can't use `macro parameter char
acter #' in horizontal mode
Sorry, but I'm not programmed to handle this case;
I'll just pretend that you didn't ask for it.
If you're in the wrong mode, you might be able to
return to the right one by typing `I}' or `I$' or `I\par'.


C:/Users/tic.tank/Documents/tic-tank/Dorita/CCE - CINTEL/entregable_4_infografi
as/Prueba_inicial/PruebasInfo/pruebo.md:26: You can't use `macro parameter char
acter #' in horizontal mode
Sorry, but I'm not programmed to handle this case;
I'll just pretend that you didn't ask for it.
If you're in the wrong mode, you might be able to
return to the right one by typing `I}' or `I$' or `I\par'.


C:/Users/tic.tank/Documents/tic-tank/Dorita/CCE - CINTEL/entregable_4_infografi
as/Prueba_inicial/PruebasInfo/pruebo.md:27: You can't use `macro parameter char
acter #' in horizontal mode
Sorry, but I'm not programmed to handle this case;
I'll just pretend that you didn't ask for it.
If you're in the wrong mode, you might be able to
return to the right one by typing `I}' or `I$' or `I\par'.


C:/Users/tic.tank/Documents/tic-tank/Dorita/CCE - CINTEL/entregable_4_infografi
as/Prueba_inicial/PruebasInfo/pruebo.md:27: You can't use `macro parameter char
acter #' in horizontal mode
Sorry, but I'm not programmed to handle this case;
I'll just pretend that you didn't ask for it.
If you're in the wrong mode, you might be able to
return to the right one by typing `I}' or `I$' or `I\par'.


C:/Users/tic.tank/Documents/tic-tank/Dorita/CCE - CINTEL/entregable_4_infografi
as/Prueba_inicial/PruebasInfo/pruebo.md:28: You can't use `macro parameter char
acter #' in horizontal mode
Sorry, but I'm not programmed to handle this case;
I'll just pretend that you didn't ask for it.
If you're in the wrong mode, you might be able to
return to the right one by typing `I}' or `I$' or `I\par'.


C:/Users/tic.tank/Documents/tic-tank/Dorita/CCE - CINTEL/entregable_4_infografi
as/Prueba_inicial/PruebasInfo/pruebo.md:28: You can't use `macro parameter char
acter #' in horizontal mode
Sorry, but I'm not programmed to handle this case;
I'll just pretend that you didn't ask for it.
If you're in the wrong mode, you might be able to
return to the right one by typing `I}' or `I$' or `I\par'.


C:/Users/tic.tank/Documents/tic-tank/Dorita/CCE - CINTEL/entregable_4_infografi
as/Prueba_inicial/PruebasInfo/pruebo.md:31: You can't use `macro parameter char
acter #' in vertical mode
Sorry, but I'm not programmed to handle this case;
I'll just pretend that you didn't ask for it.
If you're in the wrong mode, you might be able to
return to the right one by typing `I}' or `I$' or `I\par'.


C:/Users/tic.tank/Documents/tic-tank/Dorita/CCE - CINTEL/entregable_4_infografi
as/Prueba_inicial/PruebasInfo/pruebo.md:31: You can't use `macro parameter char
acter #' in vertical mode
Sorry, but I'm not programmed to handle this case;
I'll just pretend that you didn't ask for it.
If you're in the wrong mode, you might be able to
return to the right one by typing `I}' or `I$' or `I\par'.

)
! Emergency stop
*** (job aborted, no legal \end found)

!  ==> Fatal error occurred, no output PDF file produced!
